11:15:58.733 INFO [GridLauncherV3.parse] - Selenium server version: 3.141.59, revision: e82be7d358
11:15:58.818 INFO [GridLauncherV3.lambda$buildLaunchers$3] - Launching a standalone Selenium Server on port 4444
2019-01-27 11:15:58.900:INFO::main: Logging initialized @627ms to org.seleniumhq.jetty9.util.log.StdErrLog
11:15:59.234 INFO [WebDriverServlet.<init>] - Initialising WebDriverServlet
11:15:59.350 INFO [SeleniumServer.boot] - Selenium Server is up and running on port 4444
11:15:59.604 INFO [ActiveSessionFactory.apply] - Capabilities are: {
  "acceptSslCerts": true,
  "browserName": "chrome",
  "chromeOptions": {
    "args": [
      "incognito",
      "headless",
      "no-sandbox",
      "disable-gpu"
    ]
  },
  "javascriptEnabled": true
}
11:15:59.606 INFO [ActiveSessionFactory.lambda$apply$11] - Matched factory org.openqa.selenium.grid.session.remote.ServicedSession$Factory (provider: org.openqa.selenium.chrome.ChromeDriverService)
Starting ChromeDriver 2.45.615355 (d5698f682d8b2742017df6c81e0bd8e6a3063189) on port 27558
Only local connections are allowed.
11:16:00.403 INFO [ProtocolHandshake.createSession] - Detected dialect: OSS
11:16:00.711 INFO [RemoteSession$Factory.lambda$performHandshake$0] - Started new session 80507d6e0df21bb49d711181e52e6108 (org.openqa.selenium.chrome.ChromeDriverService)
